Welcome to the Geth JavaScript console!

instance: Geth/fornax/v1.10.8-stable/darwin-amd64/go1.16.6
at block: 0 (Thu Jan 01 1970 05:00:00 GMT+0500 (+05))
 datadir: /Users/rakoon/fornax/bootnode/data
 modules: admin:1.0 debug:1.0 eth:1.0 ethash:1.0 miner:1.0 net:1.0 personal:1.0 rpc:1.0 txpool:1.0 web3:1.0

To exit, press ctrl-d
> caught interrupt, exiting
Welcome to the Geth JavaScript console!

instance: Geth/fornax/v1.10.8-stable/darwin-amd64/go1.16.6
at block: 0 (Thu Jan 01 1970 05:00:00 GMT+0500 (+05))
 datadir: /Users/rakoon/fornax/bootnode/data
 modules: admin:1.0 debug:1.0 eth:1.0 ethash:1.0 miner:1.0 net:1.0 personal:1.0 rpc:1.0 txpool:1.0 web3:1.0

To exit, press ctrl-d
> caught interrupt, exiting
Welcome to the Geth JavaScript console!

instance: Geth/fornax/v1.10.8-stable/darwin-amd64/go1.16.6
at block: 0 (Thu Jan 01 1970 05:00:00 GMT+0500 (+05))
 datadir: /Users/rakoon/fornax/bootnode/data
 modules: admin:1.0 debug:1.0 eth:1.0 ethash:1.0 miner:1.0 net:1.0 personal:1.0 rpc:1.0 txpool:1.0 web3:1.0

To exit, press ctrl-d
> 